[14:22:31] [ServerMain/INFO]: Environment: Environment[sessionHost=https://sessionserver.mojang.com, servicesHost=https://api.minecraftservices.com, name=PROD]
[14:22:33] [ServerMain/INFO]: Loaded 1407 recipes
[14:22:33] [ServerMain/INFO]: Loaded 1520 advancements
[14:22:33] [Server thread/INFO]: Starting minecraft server version 1.21.8
[14:22:33] [Server thread/INFO]: Loading properties
[14:22:33] [Server thread/INFO]: Default game type: SURVIVAL
[14:22:33] [Server thread/INFO]: Generating keypair
[14:22:33] [Server thread/INFO]: Starting Minecraft server on *:25565
[14:22:33] [Server thread/INFO]: Using epoll channel type
[14:22:33] [Server thread/INFO]: Preparing level "world"
[14:22:35] [Server thread/INFO]: Preparing start region for dimension minecraft:overworld
[14:22:38] [Worker-Main-3/INFO]: Preparing spawn area: 0%
[14:22:38] [Worker-Main-3/INFO]: Preparing spawn area: 0%
[14:22:38] [Worker-Main-3/INFO]: Preparing spawn area: 0%
[14:22:38] [Worker-Main-3/INFO]: Preparing spawn area: 0%
[14:22:38] [Worker-Main-3/INFO]: Preparing spawn area: 0%
[14:22:38] [Worker-Main-3/INFO]: Preparing spawn area: 0%
[14:22:38] [Worker-Main-3/INFO]: Preparing spawn area: 0%
[14:22:38] [Worker-Main-3/INFO]: Preparing spawn area: 0%
[14:22:38] [Server thread/INFO]: Time elapsed: 3789 ms
[14:22:38] [Server thread/INFO]: Done (4.829s)! For help, type "help"
[14:23:38] [Server thread/INFO]: Server empty for 60 seconds, pausing
[14:30:46] [User Authenticator #1/INFO]: UUID of player dhuski is 99c1a6c1-dd92-4d9a-bfea-afe95257bbf3
[14:30:51] [Server thread/INFO]: dhuski[/127.237.33.59:51741] logged in with entity id 10 at (-363.1588079783564, 67.0625, -279.11309734314153)
[14:30:51] [Server thread/INFO]: dhuski joined the game
[14:31:25] [Server thread/INFO]: [dhuski: Set own game mode to Creative Mode]
[14:38:56] [Server thread/INFO]: [dhuski: Set own game mode to Survival Mode]
[14:47:20] [Server thread/INFO]: dhuski has reached the goal [Beaconator]
[14:47:20] [Server thread/INFO]: dhuski has made the advancement [Bring Home the Beacon]
[15:12:25] [Server thread/WARN]: dhuski moved too quickly! 15.39993721017123,-8.034988093505618,-4.101373640429188
[15:22:08] [Server thread/WARN]: Mismatch in destroy block pos: jb{x=97, y=9, z=-432} jb{x=110, y=9, z=-463}
